Starting net.minecraft.server.Main
Starting net.minecraft.server.Main
[12:31:42] [ServerMain/INFO]: Environment: authHost='https://authserver.mojang.com', accountsHost='https://api.mojang.com', sessionHost='https://sessionserver.mojang.com', servicesHost='https://api.minecraftservices.com', name='PROD'
[12:31:43] [ServerMain/WARN]: Ambiguity between arguments [teleport, location] and [teleport, destination] with inputs: [0.1 -0.5 .9, 0 0 0]
[12:31:43] [ServerMain/WARN]: Ambiguity between arguments [teleport, location] and [teleport, targets] with inputs: [0.1 -0.5 .9, 0 0 0]
[12:31:43] [ServerMain/WARN]: Ambiguity between arguments [teleport, destination] and [teleport, targets] with inputs: [Player, 0123, @e, dd12be42-52a9-4a91-a8a1-11c01849e498]
[12:31:43] [ServerMain/WARN]: Ambiguity between arguments [teleport, targets] and [teleport, destination] with inputs: [Player, 0123, dd12be42-52a9-4a91-a8a1-11c01849e498]
[12:31:43] [ServerMain/WARN]: Ambiguity between arguments [teleport, targets, location] and [teleport, targets, destination] with inputs: [0.1 -0.5 .9, 0 0 0]
[12:31:43] [ServerMain/INFO]: Reloading ResourceManager: Default
[12:31:44] [Worker-Main-2/INFO]: Loaded 7 recipes
[12:31:45] [Worker-Main-2/INFO]: Loaded 1141 advancements
[12:31:47] [Server thread/INFO]: Starting minecraft server version 1.18.1
[12:31:47] [Server thread/INFO]: Loading properties
[12:31:47] [Server thread/INFO]: Default game type: SURVIVAL
[12:31:47] [Server thread/INFO]: Generating keypair
[12:31:47] [Server console handler/ERROR]: Exception handling console input
java.io.IOException: Bad file descriptor
	at java.io.FileInputStream.readBytes(Native Method) ~[?:?]
	at java.io.FileInputStream.read(FileInputStream.java:276) ~[?:?]
	at java.io.BufferedInputStream.read1(BufferedInputStream.java:282) ~[?:?]
	at java.io.BufferedInputStream.read(BufferedInputStream.java:343) ~[?:?]
	at sun.nio.cs.StreamDecoder.readBytes(StreamDecoder.java:270) ~[?:?]
	at sun.nio.cs.StreamDecoder.implRead(StreamDecoder.java:313) ~[?:?]
	at sun.nio.cs.StreamDecoder.read(StreamDecoder.java:188) ~[?:?]
	at java.io.InputStreamReader.read(InputStreamReader.java:177) ~[?:?]
	at java.io.BufferedReader.fill(BufferedReader.java:162) ~[?:?]
	at java.io.BufferedReader.readLine(BufferedReader.java:329) ~[?:?]
	at java.io.BufferedReader.readLine(BufferedReader.java:396) ~[?:?]
	at acj$1.run(SourceFile:101) [server-1.18.1.jar:?]
[12:31:47] [Server thread/INFO]: Starting Minecraft server on *:512
[12:31:47] [Server thread/INFO]: Using epoll channel type
[12:31:47] [Server thread/INFO]: Preparing level "world"
[12:31:47] [Server thread/INFO]: Preparing start region for dimension minecraft:overworld
[12:31:53] [Worker-Main-2/INFO]: Preparing spawn area: 0%
[12:31:53] [Worker-Main-2/INFO]: Preparing spawn area: 0%
[12:31:53] [Worker-Main-2/INFO]: Preparing spawn area: 0%
[12:31:53] [Worker-Main-2/INFO]: Preparing spawn area: 0%
[12:31:53] [Worker-Main-2/INFO]: Preparing spawn area: 0%
[12:31:53] [Worker-Main-2/INFO]: Preparing spawn area: 0%
[12:31:53] [Worker-Main-2/INFO]: Preparing spawn area: 0%
[12:31:53] [Worker-Main-2/INFO]: Preparing spawn area: 0%
[12:31:53] [Worker-Main-2/INFO]: Preparing spawn area: 0%
[12:31:53] [Worker-Main-2/INFO]: Preparing spawn area: 0%
[12:31:53] [Worker-Main-2/INFO]: Preparing spawn area: 0%
[12:31:53] [Worker-Main-2/INFO]: Preparing spawn area: 0%
[12:31:53] [Worker-Main-2/INFO]: Preparing spawn area: 0%
[12:31:54] [Worker-Main-2/INFO]: Preparing spawn area: 0%
[12:31:55] [Worker-Main-2/INFO]: Preparing spawn area: 0%
[12:31:55] [Worker-Main-2/INFO]: Preparing spawn area: 0%
[12:31:55] [Worker-Main-2/INFO]: Preparing spawn area: 0%
[12:31:56] [Worker-Main-2/INFO]: Preparing spawn area: 0%
[12:31:56] [Worker-Main-2/INFO]: Preparing spawn area: 0%
[12:31:57] [Worker-Main-2/INFO]: Preparing spawn area: 0%
[12:31:57] [Worker-Main-2/INFO]: Preparing spawn area: 0%
[12:31:58] [Worker-Main-2/INFO]: Preparing spawn area: 0%
[12:31:58] [Worker-Main-2/INFO]: Preparing spawn area: 0%
[12:31:59] [Worker-Main-2/INFO]: Preparing spawn area: 0%
[12:31:59] [Worker-Main-2/INFO]: Preparing spawn area: 0%
[12:32:00] [Worker-Main-2/INFO]: Preparing spawn area: 0%
[12:32:00] [Worker-Main-2/INFO]: Preparing spawn area: 0%
[12:32:01] [Worker-Main-2/INFO]: Preparing spawn area: 0%
[12:32:01] [Worker-Main-2/INFO]: Preparing spawn area: 0%
[12:32:02] [Worker-Main-2/INFO]: Preparing spawn area: 0%
[12:32:02] [Worker-Main-2/INFO]: Preparing spawn area: 0%
[12:32:03] [Worker-Main-2/INFO]: Preparing spawn area: 0%
[12:32:03] [Worker-Main-2/INFO]: Preparing spawn area: 0%
[12:32:04] [Worker-Main-2/INFO]: Preparing spawn area: 0%
[12:32:04] [Worker-Main-2/INFO]: Preparing spawn area: 0%
[12:32:05] [Worker-Main-2/INFO]: Preparing spawn area: 0%
[12:32:05] [Worker-Main-2/INFO]: Preparing spawn area: 0%
[12:32:06] [Worker-Main-2/INFO]: Preparing spawn area: 0%
[12:32:06] [Worker-Main-2/INFO]: Preparing spawn area: 0%
[12:32:07] [Worker-Main-2/INFO]: Preparing spawn area: 0%
[12:32:07] [Worker-Main-2/INFO]: Preparing spawn area: 0%
[12:32:08] [Worker-Main-2/INFO]: Preparing spawn area: 0%
[12:32:08] [Worker-Main-2/INFO]: Preparing spawn area: 0%
[12:32:09] [Worker-Main-2/INFO]: Preparing spawn area: 0%
[12:32:09] [Worker-Main-2/INFO]: Preparing spawn area: 0%
[12:32:10] [Worker-Main-2/INFO]: Preparing spawn area: 0%
[12:32:10] [Worker-Main-2/INFO]: Preparing spawn area: 0%
[12:32:11] [Worker-Main-2/INFO]: Preparing spawn area: 0%
[12:32:11] [Worker-Main-2/INFO]: Preparing spawn area: 0%
[12:32:12] [Worker-Main-2/INFO]: Preparing spawn area: 0%
[12:32:12] [Worker-Main-2/INFO]: Preparing spawn area: 0%
[12:32:13] [Worker-Main-2/INFO]: Preparing spawn area: 0%
[12:32:13] [Worker-Main-2/INFO]: Preparing spawn area: 0%
[12:32:14] [Worker-Main-2/INFO]: Preparing spawn area: 0%
[12:32:14] [Worker-Main-2/INFO]: Preparing spawn area: 0%
[12:32:15] [Worker-Main-2/INFO]: Preparing spawn area: 0%
[12:32:16] [Worker-Main-2/INFO]: Preparing spawn area: 0%
[12:32:16] [Worker-Main-2/INFO]: Preparing spawn area: 0%
[12:32:16] [Worker-Main-2/INFO]: Preparing spawn area: 0%
[12:32:17] [Worker-Main-2/INFO]: Preparing spawn area: 0%
[12:32:17] [Worker-Main-2/INFO]: Preparing spawn area: 0%
[12:32:18] [Worker-Main-2/INFO]: Preparing spawn area: 6%
[12:32:19] [Worker-Main-2/INFO]: Preparing spawn area: 45%
[12:32:19] [Worker-Main-2/INFO]: Preparing spawn area: 45%
[12:32:20] [Worker-Main-2/INFO]: Preparing spawn area: 48%
[12:32:20] [Server thread/INFO]: Time elapsed: 32751 ms
[12:32:20] [Server thread/INFO]: Done (32.873s)! For help, type "help"
[12:50:08] [User Authenticator #1/INFO]: UUID of player stray_camel is 509bf55d-22cf-4211-a711-24fa197709f9
[12:50:08] [Server thread/INFO]: stray_camel[/42.120.74.156:60838] logged in with entity id 147 at (0.5, 70.0, -4.5)
[12:50:08] [Server thread/INFO]: stray_camel joined the game
[12:51:46] [User Authenticator #2/INFO]: UUID of player sympathyzzz is a4a4b0ff-0c7a-49f9-b359-b68ff1a53e4f
[12:51:46] [Server thread/INFO]: sympathyzzz[/111.60.244.140:16574] logged in with entity id 430 at (6.5, 66.0, 8.5)
[12:51:46] [Server thread/INFO]: sympathyzzz joined the game
[12:53:39] [Server thread/INFO]: <sympathyzzz> 下雪了
[13:02:06] [Server thread/INFO]: stray_camel was slain by Zombie
[13:18:59] [Server thread/INFO]: sympathyzzz has made the advancement [Stone Age]
[13:20:22] [Server thread/INFO]: sympathyzzz has made the advancement [Getting an Upgrade]
[13:22:32] [Server thread/INFO]: sympathyzzz lost connection: Disconnected
[13:22:32] [Server thread/INFO]: sympathyzzz left the game
